imported private key for: EOS7VoLUW5vK17tHUAZJ6isRgYyTZtAUUwAAhe9DcJ7X7SXtokA4z
imported private key for: EOS6MRyAjQq8ud7hVNYcfnVPJqcVpscN5So8BhtHuGYqET5GDW5CV
imported private key for: EOS8krabtskkby5TRWpyvrQqUdWHFewh2DzC2ega4g1rMXgvDyqyh
#        jnivwl <= jnivwl::hi                   {"user":"test"}
>> Hello, test
#        jnivwl <= jnivwl::hi                   {"user":"test"}
>> Hello, test
#        jnivwl <= jnivwl::hi                   {"user":"test"}
>> Hello, test
#        jnivwl <= jnivwl::hi                   {"user":"test"}
>> Hello, test
#        jnivwl <= jnivwl::hi                   {"user":"test"}
>> Hello, test
#        jnivwl <= jnivwl::hi                   {"user":"test"}
>> Hello, test
#        jnivwl <= jnivwl::hi                   {"user":"test"}
>> Hello, test
#        jnivwl <= jnivwl::hi                   {"user":"test"}
>> Hello, test
#        jnivwl <= jnivwl::hi                   {"user":"test"}
>> Hello, test
#        jnivwl <= jnivwl::hi                   {"user":"test"}
>> Hello, test
#        jnivwl <= jnivwl::hi                   {"user":"test"}
>> Hello, test
#        jnivwl <= jnivwl::hi                   {"user":"test"}
>> Hello, test
imported private key for: EOS5Mjx3f4i92wteMGuJxpckjo8vCut1ygX2sDnD9WxXyL7vX7Lot
#        jnivwl <= jnivwl::hi                   {"user":"test"}
>> Hello, ƒ76144306412101237987339644999test
#        jnivwl <= jnivwl::hi                   {"user":"test"}
>> Hello, ƒ76144306412101237987339644999test
#        jnivwl <= jnivwl::hi                   {"user":"test"}
>> Hello, ƒ76144306412101237987339644999test
#        jnivwl <= jnivwl::hi                   {"user":"test"}
>> Hello, ƒ76144306412101237987339644999test
#        jnivwl <= jnivwl::hi                   {"user":"test"}
>> Hello, ƒ76144306412101237987339644999test
#        jnivwl <= jnivwl::hi                   {"user":"test"}
>> Hello, ƒ76144306412101237987339644999test
#        jnivwl <= jnivwl::hi                   {"user":"test"}
>> Hello, ƒ76144306412101237987339644999test
imported private key for: EOS5o7gfCz9GU2CAz2R8cLsQjMDJ7U3pny4EMf7wytfK9SuhAyaAG
imported private key for: EOS7kRR5QD8hqtPS4qK8PxX8ZJ886sNvyfj2TYjS1XVBFPvfktP3c
#        jnivwl <= jnivwl::hi                   {"user":"test"}
>> Hello, test
#        jnivwl <= jnivwl::hi                   {"user":"test"}
>> Hello, test
#        jnivwl <= jnivwl::hi                   {"user":"test"}
>> Hello, test
#        jnivwl <= jnivwl::hi                   {"user":"test"}
>> Hello, test
#        jnivwl <= jnivwl::hi                   {"user":"test"}
>> Hello, test
#        jnivwl <= jnivwl::hi                   {"user":"test"}
>> Hello, test
#        jnivwl <= jnivwl::hi                   {"user":"test"}
>> Hello, test
#        jnivwl <= jnivwl::hi                   {"user":"test"}
>> Hello, test
#        jnivwl <= jnivwl::hi                   {"user":"test"}
>> Hello, test
#        jnivwl <= jnivwl::hi                   {"user":"test"}
>> Hello, test
#        jnivwl <= jnivwl::hi                   {"user":"test"}
>> Hello, test
#        jnivwl <= jnivwl::hi                   {"user":"test"}
>> Hello, test
#        jnivwl <= jnivwl::hi                   {"user":"test"}
>> Hello, test
#        jnivwl <= jnivwl::hi                   {"user":"test"}
>> Hello, test
imported private key for: EOS8jTWXkGjQf1gVwAGJTsh2okmEU5VbNFu3ruu15QeU54XH6wdvV
#        jnivwl <= jnivwl::hi                   {"user":"test"}
>> Hello, test
#        jnivwl <= jnivwl::hi                   {"user":"test"}
>> Hello, test
#        jnivwl <= jnivwl::hi                   {"user":"test"}
>> Hello, test
#        jnivwl <= jnivwl::hi                   {"user":"test"}
>> Hello, test
#        jnivwl <= jnivwl::hi                   {"user":"test"}
>> Hello, test
#        jnivwl <= jnivwl::hi                   {"user":"test"}
>> Hello, test
#        jnivwl <= jnivwl::hi                   {"user":"test"}
>> Hello, test
imported private key for: EOS7qEx6T375oy6eCZRBBDBUhLqyft5D3ZzNQPNTAKM8dQH1EzAfB
#        jnivwl <= jnivwl::hi                   {"user":"test"}
>> Hel Itest
#        jnivwl <= jnivwl::hi                   {"user":"test"}
>> Hel Itest
#        jnivwl <= jnivwl::hi                   {"user":"test"}
>> Hel Itest
#        jnivwl <= jnivwl::hi                   {"user":"test"}
>> Hel Itest
#        jnivwl <= jnivwl::hi                   {"user":"test"}
>> Hel Itest
#        jnivwl <= jnivwl::hi                   {"user":"test"}
>> Hel Itest
#        jnivwl <= jnivwl::hi                   {"user":"test"}
>> Hel Itest
#        jnivwl <= jnivwl::hi                   {"user":"test"}
>> Hel Itest
#        jnivwl <= jnivwl::hi                   {"user":"test"}
>> Hel Itest
#        jnivwl <= jnivwl::hi                   {"user":"test"}
>> Hel Itest
#        jnivwl <= jnivwl::hi                   {"user":"test"}
>> Hello, test
imported private key for: EOS8NzZcJiJ3YqaKFmrYsw8aWNsUSokbta9VkNghMzenpjHNzesdP
#        jnivwl <= jnivwl::hi                   {"user":"test"}
>> Hello, test
#        jnivwl <= jnivwl::hi                   {"user":"test"}
>> Hello, test
#        jnivwl <= jnivwl::hi                   {"user":"test"}
>> Hello, test
#        jnivwl <= jnivwl::hi                   {"user":"test"}
>> Hello, test
#        jnivwl <= jnivwl::hi                   {"user":"test"}
>> Hello, test
#        jnivwl <= jnivwl::hi                   {"user":"test"}
>> Hello, test
#        jnivwl <= jnivwl::hi                   {"user":"test"}
>> Hello, test
#        jnivwl <= jnivwl::hi                   {"user":"test"}
>> Hello, test
#        jnivwl <= jnivwl::hi                   {"user":"test"}
>> Hello, test
#        jnivwl <= jnivwl::hi                   {"user":"test"}
>> Hello, test
#        jnivwl <= jnivwl::hi                   {"user":"test"}
>> Hello, test
imported private key for: EOS71peCdXd5UorKs3nCdGSsNRMarinB52NEs4ZoJNS64sVvhr6cw
#        jnivwl <= jnivwl::hi                   {"user":"test"}
>> Hello, test
#        jnivwl <= jnivwl::hi                   {"user":"test"}
>> Hello, test
#        jnivwl <= jnivwl::hi                   {"user":"test"}
>> Hello, test
#        jnivwl <= jnivwl::hi                   {"user":"test"}
>> Hello, test
#        jnivwl <= jnivwl::hi                   {"user":"test"}
>> Hello, test
#        jnivwl <= jnivwl::hi                   {"user":"test"}
>> Hello, test
#        jnivwl <= jnivwl::hi                   {"user":"test"}
>> Hello, test
#        jnivwl <= jnivwl::hi                   {"user":"test"}
>> Hello, test
#        jnivwl <= jnivwl::hi                   {"user":"test"}
>> Hello, test
#        jnivwl <= jnivwl::hi                   {"user":"test"}
>> Hello, test
imported private key for: EOS5zPhqdmiBHosMy45scgpmpbr8CFb8854qXhRRnSc7GZQaUvLAG
#        jnivwl <= jnivwl::hi                   {"user":"test"}
>> Hello, test
#        jnivwl <= jnivwl::hi                   {"user":"test"}
>> Hello, test
#        jnivwl <= jnivwl::hi                   {"user":"test"}
>> Hello, test
#        jnivwl <= jnivwl::hi                   {"user":"test"}
>> Hello, test
#        jnivwl <= jnivwl::hi                   {"user":"test"}
>> Hello, test
#        jnivwl <= jnivwl::hi                   {"user":"test"}
>> Hello, test
#        jnivwl <= jnivwl::hi                   {"user":"test"}
>> Hello, test
#        jnivwl <= jnivwl::hi                   {"user":"test"}
>> Hello, test
#        jnivwl <= jnivwl::hi                   {"user":"test"}
>> Hello, test
#        jnivwl <= jnivwl::hi                   {"user":"test"}
>> Hello, test
#        jnivwl <= jnivwl::hi                   {"user":"test"}
>> Hello, test
#        jnivwl <= jnivwl::hi                   {"user":"test"}
>> Hello, test
#        jnivwl <= jnivwl::hi                   {"user":"test"}
>> Hello, test
#        jnivwl <= jnivwl::hi                   {"user":"test"}
>> Hello, test
imported private key for: EOS8hbHnzdaXb25kLRqr74yzuPJbATJiubMMja1ZDQUnS7kXRgbqs
#        jnivwl <= jnivwl::hi                   {"user":"test"}
>> Hello, test
#        jnivwl <= jnivwl::hi                   {"user":"test"}
>> Hello, test
#        jnivwl <= jnivwl::hi                   {"user":"test"}
>> Hello, test
#        jnivwl <= jnivwl::hi                   {"user":"test"}
>> Hello, test
#        jnivwl <= jnivwl::hi                   {"user":"test"}
>> Hello, test
#        jnivwl <= jnivwl::hi                   {"user":"test"}
>> Hello, test
#        jnivwl <= jnivwl::hi                   {"user":"test"}
>> Hello, test
#        jnivwl <= jnivwl::hi                   {"user":"test"}
>> Hello, test
[!] Nodeos pid : 59977 
/FUZZ/ /tmp/crash
/FUZZ/ /tmp/crash
/FUZZ/ /tmp/crash
/FUZZ/ /tmp/crash
/FUZZ/ /tmp/crash
/FUZZ/ /tmp/crash
/FUZZ/ /tmp/crash
/FUZZ/ /tmp/crash
/FUZZ/ /tmp/crash
/FUZZ/ /tmp/crash
/FUZZ/ /tmp/crash
/FUZZ/ /tmp/crash
/FUZZ/ /tmp/crash
/FUZZ/ /tmp/crash
/FUZZ/ /tmp/crash
/FUZZ/ /tmp/crash
/FUZZ/ /tmp/crash
/FUZZ/ /tmp/crash
/FUZZ/ /tmp/crash
/FUZZ/ /tmp/crash
[!] Nodeos pid : 60084 
/FUZZ/ /tmp/crash
/FUZZ/ /tmp/crash
/FUZZ/ /tmp/crash
/FUZZ/ /tmp/crash
/FUZZ/ /tmp/crash
/FUZZ/ /tmp/crash
/FUZZ/ /tmp/crash
/FUZZ/ /tmp/crash
/FUZZ/ /tmp/crash
/FUZZ/ /tmp/crash
/FUZZ/ /tmp/crash
/FUZZ/ /tmp/crash
/FUZZ/ /tmp/crash
/FUZZ/ /tmp/crash
/FUZZ/ /tmp/crash
/FUZZ/ /tmp/crash
/FUZZ/ /tmp/crash
/FUZZ/ /tmp/crash
/FUZZ/ /tmp/crash
/FUZZ/ /tmp/crash
[!] Nodeos pid : 60190 
/FUZZ/ /tmp/crash
/FUZZ/ /tmp/crash
/FUZZ/ /tmp/crash
/FUZZ/ /tmp/crash
/FUZZ/ /tmp/crash
/FUZZ/ /tmp/crash
/FUZZ/ /tmp/crash
/FUZZ/ /tmp/crash
/FUZZ/ /tmp/crash
/FUZZ/ /tmp/crash
/FUZZ/ /tmp/crash
/FUZZ/ /tmp/crash
/FUZZ/ /tmp/crash
/FUZZ/ /tmp/crash
/FUZZ/ /tmp/crash
/FUZZ/ /tmp/crash
/FUZZ/ /tmp/crash
/FUZZ/ /tmp/crash
/FUZZ/ /tmp/crash
/FUZZ/ /tmp/crash
[!] Nodeos pid : 60296 
/FUZZ/ /tmp/crash
/FUZZ/ /tmp/crash
/FUZZ/ /tmp/crash
/FUZZ/ /tmp/crash
/FUZZ/ /tmp/crash
/FUZZ/ /tmp/crash
/FUZZ/ /tmp/crash
/FUZZ/ /tmp/crash
/FUZZ/ /tmp/crash
/FUZZ/ /tmp/crash
/FUZZ/ /tmp/crash
/FUZZ/ /tmp/crash
/FUZZ/ /tmp/crash
/FUZZ/ /tmp/crash
/FUZZ/ /tmp/crash
/FUZZ/ /tmp/crash
/FUZZ/ /tmp/crash
/FUZZ/ /tmp/crash
/FUZZ/ /tmp/crash
/FUZZ/ /tmp/crash
[!] Nodeos pid : 60402 
/FUZZ/ /tmp/crash
/FUZZ/ /tmp/crash
/FUZZ/ /tmp/crash
/FUZZ/ /tmp/crash
/FUZZ/ /tmp/crash
/FUZZ/ /tmp/crash
/FUZZ/ /tmp/crash
/FUZZ/ /tmp/crash
/FUZZ/ /tmp/crash
/FUZZ/ /tmp/crash
/FUZZ/ /tmp/crash
/FUZZ/ /tmp/crash
/FUZZ/ /tmp/crash
/FUZZ/ /tmp/crash
/FUZZ/ /tmp/crash
/FUZZ/ /tmp/crash
/FUZZ/ /tmp/crash
/FUZZ/ /tmp/crash
/FUZZ/ /tmp/crash
/FUZZ/ /tmp/crash
[!] Nodeos pid : 60508 
/FUZZ/ /tmp/crash
/FUZZ/ /tmp/crash
/FUZZ/ /tmp/crash
/FUZZ/ /tmp/crash
/FUZZ/ /tmp/crash
/FUZZ/ /tmp/crash
/FUZZ/ /tmp/crash
/FUZZ/ /tmp/crash
/FUZZ/ /tmp/crash
/FUZZ/ /tmp/crash
/FUZZ/ /tmp/crash
/FUZZ/ /tmp/crash
/FUZZ/ /tmp/crash
/FUZZ/ /tmp/crash
/FUZZ/ /tmp/crash
/FUZZ/ /tmp/crash
/FUZZ/ /tmp/crash
/FUZZ/ /tmp/crash
/FUZZ/ /tmp/crash
/FUZZ/ /tmp/crash
[!] Nodeos pid : 60614 
/FUZZ/ /tmp/crash
/FUZZ/ /tmp/crash
/FUZZ/ /tmp/crash
/FUZZ/ /tmp/crash
/FUZZ/ /tmp/crash
/FUZZ/ /tmp/crash
/FUZZ/ /tmp/crash
/FUZZ/ /tmp/crash
/FUZZ/ /tmp/crash
/FUZZ/ /tmp/crash
/FUZZ/ /tmp/crash
/FUZZ/ /tmp/crash
/FUZZ/ /tmp/crash
/FUZZ/ /tmp/crash
/FUZZ/ /tmp/crash
/FUZZ/ /tmp/crash
/FUZZ/ /tmp/crash
/FUZZ/ /tmp/crash
/FUZZ/ /tmp/crash
/FUZZ/ /tmp/crash
[!] Nodeos pid : 60720 
/FUZZ/ /tmp/crash
/FUZZ/ /tmp/crash
/FUZZ/ /tmp/crash
/FUZZ/ /tmp/crash
/FUZZ/ /tmp/crash
/FUZZ/ /tmp/crash
/FUZZ/ /tmp/crash
/FUZZ/ /tmp/crash
/FUZZ/ /tmp/crash
/FUZZ/ /tmp/crash
/FUZZ/ /tmp/crash
/FUZZ/ /tmp/crash
/FUZZ/ /tmp/crash
/FUZZ/ /tmp/crash
/FUZZ/ /tmp/crash
/FUZZ/ /tmp/crash
/FUZZ/ /tmp/crash
/FUZZ/ /tmp/crash
/FUZZ/ /tmp/crash
/FUZZ/ /tmp/crash
[!] Nodeos pid : 60826 
/FUZZ/ /tmp/crash
/FUZZ/ /tmp/crash
/FUZZ/ /tmp/crash
/FUZZ/ /tmp/crash
/FUZZ/ /tmp/crash
/FUZZ/ /tmp/crash
/FUZZ/ /tmp/crash
/FUZZ/ /tmp/crash
/FUZZ/ /tmp/crash
/FUZZ/ /tmp/crash
/FUZZ/ /tmp/crash
/FUZZ/ /tmp/crash
/FUZZ/ /tmp/crash
/FUZZ/ /tmp/crash
/FUZZ/ /tmp/crash
/FUZZ/ /tmp/crash
/FUZZ/ /tmp/crash
/FUZZ/ /tmp/crash
/FUZZ/ /tmp/crash
/FUZZ/ /tmp/crash
[!] Nodeos pid : 60932 
/FUZZ/ /tmp/crash
/FUZZ/ /tmp/crash
/FUZZ/ /tmp/crash
/FUZZ/ /tmp/crash
/FUZZ/ /tmp/crash
/FUZZ/ /tmp/crash
/FUZZ/ /tmp/crash
/FUZZ/ /tmp/crash
/FUZZ/ /tmp/crash
/FUZZ/ /tmp/crash
/FUZZ/ /tmp/crash
/FUZZ/ /tmp/crash
/FUZZ/ /tmp/crash
/FUZZ/ /tmp/crash
/FUZZ/ /tmp/crash
/FUZZ/ /tmp/crash
/FUZZ/ /tmp/crash
/FUZZ/ /tmp/crash
/FUZZ/ /tmp/crash
/FUZZ/ /tmp/crash
[!] Nodeos pid : 61038 
/FUZZ/ /tmp/crash
/FUZZ/ /tmp/crash
/FUZZ/ /tmp/crash
/FUZZ/ /tmp/crash
/FUZZ/ /tmp/crash
/FUZZ/ /tmp/crash
/FUZZ/ /tmp/crash
/FUZZ/ /tmp/crash
/FUZZ/ /tmp/crash
/FUZZ/ /tmp/crash
/FUZZ/ /tmp/crash
/FUZZ/ /tmp/crash
/FUZZ/ /tmp/cras#        jnivwl <= jnivwl::hi                   {"user":"test"}
>> Hello, test
#        jnivwl <= jnivwl::hi                   {"user":"test"}
>> Hello, test
#        jnivwl <= jnivwl::hi                   {"user":"test"}
>> Hello, test
#        jnivwl <= jnivwl::hi                   {"user":"test"}
>> Hello, test
#        jnivwl <= jnivwl::hi                   {"user":"test"}
>> Hello, test
imported private key for: EOS77jTqNCco7UfKYrvpiJZR6iBVULtjayaw9cMsUEN2yskndzzy7
#        jnivwl <= jnivwl::hi                   {"user":"test"}
>> Hello, test
#        jnivwl <= jnivwl::hi                   {"user":"test"}
>> Hello, test
#        jnivwl <= jnivwl::hi                   {"user":"test"}
>> Hello, test
#        jnivwl <= jnivwl::hi                   {"user":"test"}
>> Hello, test
#        jnivwl <= jnivwl::hi                   {"user":"test"}
>> Hello, test
#        jnivwl <= jnivwl::hi                   {"user":"test"}
>> Hello, test
#        jnivwl <= jnivwl::hi                   {"user":"test"}
>> Hello, test
#        jnivwl <= jnivwl::hi                   {"user":"test"}
>> Hello, test
#        jnivwl <= jnivwl::hi                   {"user":"test"}
>> Hello, test
imported private key for: EOS7EDFt4nfwE6i9ZnGfMX5xCbCvcno6pRcsn288vo27DHcSnJ2hm
imported private key for: EOS79zN9LQX6Nns7Luw6b6yDkPdx8jurjWvKKPhvQua6fpLC3MbuF
#        jnivwl <= jnivwl::hi                   {"user":"test"}
>> Hello, test
#        jnivwl <= jnivwl::hi                   {"user":"test"}
>> Hello, test
#        jnivwl <= jnivwl::hi                   {"user":"test"}
>> Hello, test
#        jnivwl <= jnivwl::hi                   {"user":"test"}
>> Hello, test
#        jnivwl <= jnivwl::hi                   {"user":"test"}
>> Hello, test
#        jnivwl <= jnivwl::hi                   {"user":"test"}
>> Hello, test
#        jnivwl <= jnivwl::hi                   {"user":"test"}
>> Hello, test
#        jnivwl <= jnivwl::hi                   {"user":"test"}
>> Hello, test
#        jnivwl <= jnivwl::hi                   {"user":"test"}
>> Hello, test
#        jnivwl <= jnivwl::hi                   {"user":"test"}
>> Hello, test
#        jnivwl <= jnivwl::hi                   {"user":"test"}
>> Hello, test
#        jnivwl <= jnivwl::hi                   {"user":"test"}
>> Hello, test
imported private key for: EOS6iFEwuzf2WowXZte3QGVFeMbVjDjotN1oumoSX65tEPPmZSdXb
#        jnivwl <= jnivwl::hi                   {"user":"test"}
>> Hello, test
#        jnivwl <= jnivwl::hi                   {"user":"test"}
>> Hello, test
#        jnivwl <= jnivwl::hi                   {"user":"test"}
>> Hello, test
#        jnivwl <= jnivwl::hi                   {"user":"test"}
>> Hello, test
#        jnivwl <= jnivwl::hi                   {"user":"test"}
>> Hello, test
#        jnivwl <= jnivwl::hi                   {"user":"test"}
>> Hello, test
#        jnivwl <= jnivwl::hi                   {"user":"test"}
>> Hello, test
#        jnivwl <= jnivwl::hi                   {"user":"test"}
>> Hello, test
#        jnivwl <= jnivwl::hi                   {"user":"test"}
>> Hello, test
#        jnivwl <= jnivwl::hi                   {"user":"test"}
>> Hello, test
#        jnivwl <= jnivwl::hi                   {"user":"test"}
>> Hello, test
imported private key for: EOS77VHYxz2b2jBBK2AJWbPUBZXBftPeaCKfUdxSaSje4Ufob6cm3
imported private key for: EOS5b3mUET16Hx7Bk7qvUya1NcT2joTk7rqn8JUohdJp1pfGTXD1m
#        jnivwl <= jnivwl::hi                   {"user":"test"}
>> Hello, test
#        jnivwl <= jnivwl::hi                   {"user":"test"}
>> Hello, test
#        jnivwl <= jnivwl::hi                   {"user":"test"}
>> Hello, test
#        jnivwl <= jnivwl::hi                   {"user":"test"}
>> Hello, test
#        jnivwl <= jnivwl::hi                   {"user":"test"}
>> Hello, test
#        jnivwl <= jnivwl::hi                   {"user":"test"}
>> Hello, test
#        jnivwl <= jnivwl::hi                   {"user":"test"}
>> Hello, test
#        jnivwl <= jnivwl::hi                   {"user":"test"}
>> Hello, test
#        jnivwl <= jnivwl::hi                   {"user":"test"}
>> Hello, test
#        jnivwl <= jnivwl::hi                   {"user":"test"}
>> Hello, test
#        jnivwl <= jnivwl::hi                   {"user":"test"}
>> Hello, test
imported private key for: EOS7KPXk63oSQHP5cmCaAgKrm8xFsN159CYMKCmp4girvQNJHesVq
imported private key for: EOS5kMnXnu2jqEM8PwpbpUDGhEvnT8eVPbXjAV4fEdMMFzWKpnbaz
#        jnivwl <= jnivwl::hi                   {"user":"test"}
>> Hello, test
#        jnivwl <= jnivwl::hi                   {"user":"test"}
>> Hello, test
#        jnivwl <= jnivwl::hi                   {"user":"test"}
>> Hello, test
#        jnivwl <= jnivwl::hi                   {"user":"test"}
>> Hello, test
#        jnivwl <= jnivwl::hi                   {"user":"test"}
>> Hello, test
#        jnivwl <= jnivwl::hi                   {"user":"test"}
>> Hello, test
#        jnivwl <= jnivwl::hi                   {"user":"test"}
>> Hello, test
#        jnivwl <= jnivwl::hi                   {"user":"test"}
>> Hello, test
#        jnivwl <= jnivwl::hi                   {"user":"test"}
>> Hello, test
#        jnivwl <= jnivwl::hi                   {"user":"test"}
>> Hello, test
#        jnivwl <= jnivwl::hi                   {"user":"test"}
>> Hello, test
#        jnivwl <= jnivwl::hi                   {"user":"test"}
>> Hello, test
#        jnivwl <= jnivwl::hi                   {"user":"test"}
>> Hello, test
imported private key for: EOS6eyNhGwGydcAZcKSCxgH5furYu14s7JrMizeBgykdcE3eGxmig
#        jnivwl <= jnivwl::hi                   {"user":"test"}
>> Hello, test
#        jnivwl <= jnivwl::hi                   {"user":"test"}
>> Hello, test
#        jnivwl <= jnivwl::hi                   {"user":"test"}
>> Hello, test
#        jnivwl <= jnivwl::hi                   {"user":"test"}
>> Hello, test
#        jnivwl <= jnivwl::hi                   {"user":"test"}
>> Hello, test
#        jnivwl <= jnivwl::hi                   {"user":"test"}
>> Hello, test
#        jnivwl <= jnivwl::hi                   {"user":"test"}
>> Hello, test
#        jnivwl <= jnivwl::hi                   {"user":"test"}
>> Hello, test
#        jnivwl <= jnivwl::hi                   {"user":"test"}
>> Hello, test
#        jnivwl <= jnivwl::hi                   {"user":"test"}
>> Hello, test
#        jnivwl <= jnivwl::hi                   {"user":"test"}
>> Hello, test
#        jnivwl <= jnivwl::hi                   {"user":"test"}
>> Hello, test
imported private key for: EOS7darJttV3QNvTnZ7z3vpqFeerY1EvagANfk1TjHRp3KdErLPzu
imported private key for: EOS7jFFh3gB3ynUuUxikcpnUnuf59dnaJ1K3mhummCSkbXQijY1xj
h
/FUZZ/ /tmp/crash
/FUZZ/ /tmp/crash
/FUZZ/ /tmp/crash
/FUZZ/ /tmp/crash
/FUZZ/ /tmp/crash
/FUZZ/ /tmp/crash
/FUZZ/ /tmp/crash
[!] Nodeos pid : 61144 
/FUZZ/ /tmp/crash
/FUZZ/ /tmp/crash
/FUZZ/ /tmp/crash
/FUZZ/ /tmp/crash
/FUZZ/ /tmp/crash
/FUZZ/ /tmp/crash
/FUZZ/ /tmp/crash
/FUZZ/ /tmp/crash
/FUZZ/ /tmp/crash
/FUZZ/ /tmp/crash
/FUZZ/ /tmp/crash
/FUZZ/ /tmp/crash
/FUZZ/ /tmp/crash
/FUZZ/ /tmp/crash
/FUZZ/ /tmp/crash
/FUZZ/ /tmp/crash
/FUZZ/ /tmp/crash
/FUZZ/ /tmp/crash
/FUZZ/ /tmp/crash
/FUZZ/ /tmp/crash
[!] Nodeos pid : 61250 
/FUZZ/ /tmp/crash
/FUZZ/ /tmp/crash
/FUZZ/ /tmp/crash
/FUZZ/ /tmp/crash
/FUZZ/ /tmp/crash
/FUZZ/ /tmp/crash
/FUZZ/ /tmp/crash
/FUZZ/ /tmp/crash
/FUZZ/ /tmp/crash
/FUZZ/ /tmp/crash
/FUZZ/ /tmp/crash
/FUZZ/ /tmp/crash
/FUZZ/ /tmp/crash
/FUZZ/ /tmp/crash
/FUZZ/ /tmp/crash
/FUZZ/ /tmp/crash
/FUZZ/ /tmp/crash
/FUZZ/ /tmp/crash
/FUZZ/ /tmp/crash
/FUZZ/ /tmp/crash
[!] Nodeos pid : 61356 
/FUZZ/ /tmp/crash
/FUZZ/ /tmp/crash
/FUZZ/ /tmp/crash
/FUZZ/ /tmp/crash
/FUZZ/ /tmp/crash
/FUZZ/ /tmp/crash
/FUZZ/ /tmp/crash
/FUZZ/ /tmp/crash
/FUZZ/ /tmp/crash
/FUZZ/ /tmp/crash
/FUZZ/ /tmp/crash
/FUZZ/ /tmp/crash
/FUZZ/ /tmp/crash
/FUZZ/ /tmp/crash
/FUZZ/ /tmp/crash
/FUZZ/ /tmp/crash
/FUZZ/ /tmp/crash
/FUZZ/ /tmp/crash
/FUZZ/ /tmp/crash
/FUZZ/ /tmp/crash
[!] Nodeos pid : 61462 
/FUZZ/ /tmp/crash
/FUZZ/ /tmp/crash
/FUZZ/ /tmp/crash
/FUZZ/ /tmp/crash
/FUZZ/ /tmp/crash
/FUZZ/ /tmp/crash
/FUZZ/ /tmp/crash
/FUZZ/ /tmp/crash
/FUZZ/ /tmp/crash
/FUZZ/ /tmp/crash
/FUZZ/ /tmp/crash
/FUZZ/ /tmp/crash
/FUZZ/ /tmp/crash
/FUZZ/ /tmp/crash
/FUZZ/ /tmp/crash
/FUZZ/ /tmp/crash
/FUZZ/ /tmp/crash
/FUZZ/ /tmp/crash
/FUZZ/ /tmp/crash
/FUZZ/ /tmp/crash
[!] Nodeos pid : 61568 
/FUZZ/ /tmp/crash
/FUZZ/ /tmp/crash
/FUZZ/ /tmp/crash
/FUZZ/ /tmp/crash
/FUZZ/ /tmp/crash
/FUZZ/ /tmp/crash
/FUZZ/ /tmp/crash
/FUZZ/ /tmp/crash
/FUZZ/ /tmp/crash
/FUZZ/ /tmp/crash
/FUZZ/ /tmp/crash
/FUZZ/ /tmp/crash
/FUZZ/ /tmp/crash
/FUZZ/ /tmp/crash
/FUZZ/ /tmp/crash
/FUZZ/ /tmp/crash
/FUZZ/ /tmp/crash
/FUZZ/ /tmp/crash
/FUZZ/ /tmp/crash
/FUZZ/ /tmp/crash
[!] Nodeos pid : 61674 
/FUZZ/ /tmp/crash
/FUZZ/ /tmp/crash
/FUZZ/ /tmp/crash
/FUZZ/ /tmp/crash
/FUZZ/ /tmp/crash
/FUZZ/ /tmp/crash
/FUZZ/ /tmp/crash
/FUZZ/ /tmp/crash
/FUZZ/ /tmp/crash
/FUZZ/ /tmp/crash
/FUZZ/ /tmp/crash
/FUZZ/ /tmp/crash
/FUZZ/ /tmp/crash
/FUZZ/ /tmp/crash
/FUZZ/ /tmp/crash
/FUZZ/ /tmp/crash
/FUZZ/ /tmp/crash
/FUZZ/ /tmp/crash
/FUZZ/ /tmp/crash
/FUZZ/ /tmp/crash
[!] Nodeos pid : 61780 
/FUZZ/ /tmp/crash
/FUZZ/ /tmp/crash
/FUZZ/ /tmp/crash
/FUZZ/ /tmp/crash
/FUZZ/ /tmp/crash
/FUZZ/ /tmp/crash
/FUZZ/ /tmp/crash
/FUZZ/ /tmp/crash
/FUZZ/ /tmp/crash
/FUZZ/ /tmp/crash
/FUZZ/ /tmp/crash
/FUZZ/ /tmp/crash
/FUZZ/ /tmp/crash
/FUZZ/ /tmp/crash
/FUZZ/ /tmp/crash
/FUZZ/ /tmp/crash
/FUZZ/ /tmp/crash
/FUZZ/ /tmp/crash
/FUZZ/ /tmp/crash
/FUZZ/ /tmp/crash
[!] Nodeos pid : 61886 
/FUZZ/ /tmp/crash
/FUZZ/ /tmp/crash
/FUZZ/ /tmp/crash
/FUZZ/ /tmp/crash
/FUZZ/ /tmp/crash
/FUZZ/ /tmp/crash
/FUZZ/ /tmp/crash
/FUZZ/ /tmp/crash
/FUZZ/ /tmp/crash
/FUZZ/ /tmp/crash
/FUZZ/ /tmp/crash
/FUZZ/ /tmp/crash
/FUZZ/ /tmp/crash
/FUZZ/ /tmp/crash
/FUZZ/ /tmp/crash
/FUZZ/ /tmp/crash
/FUZZ/ /tmp/crash
/FUZZ/ /tmp/crash
/FUZZ/ /tmp/crash
/FUZZ/ /tmp/crash
[!] Nodeos pid : 61992 
/FUZZ/ /tmp/crash
/FUZZ/ /tmp/crash
/FUZZ/ /tmp/crash
/FUZZ/ /tmp/crash
/FUZZ/ /tmp/crash
/FUZZ/ /tmp/crash
/FUZZ/ /tmp/crash
/FUZZ/ /tmp/crash
/FUZZ/ /tmp/crash
/FUZZ/ /tmp/crash
/FUZZ/ /tmp/crash
/FUZZ/ /tmp/crash
/FUZZ/ /tmp/crash
/FUZZ/ /tmp/crash
/FUZZ/ /tmp/crash
/FUZZ/ /tmp/crash
/FUZZ/ /tmp/crash
/FUZZ/ /tmp/crash
/FUZZ/ /tmp/crash
/FUZZ/ /tmp/crash
[!] Nodeos pid : 62098 
/FUZZ/ /tmp/crash
/FUZZ/ /tmp/crash
/FUZZ/ /tmp/crash
/FUZZ/ /tmp/crash
/FUZZ/ /tmp/crash
/FUZZ/ /tmp/crash
/FUZZ/ /tmp/crash
/FUZZ/ /tmp/crash
/FUZZ/ /tmp/crash
/FUZZ/ /tmp/crash
/FUZZ/ /tmp/crash
/FUZZ/ /tmp/crash
/FUZZ/ /tmp/crash
/FUZZ/ /tmp/crash
/FUZZ/ /tmp/crash
/FUZZ/ /tmp/crash
/FUZZ/ /tmp/crash
/FUZZ/ /tmp/crash
/FUZZ/ /tmp/crash
/FUZZ/ /tmp/crash
[!] Nodeos pid : 62204 
/FUZZ/ /tmp/crash
/FUZZ/ /tmp/crash
/FUZZ/ /tmp/crash
/FUZZ/ /tmp/crash
/FUZZ/ /tmp/crash
/FUZZ/ /tmp/crimported private key for: EOS7BsUfTbpBRCks23F5g2be77xzjvQfgCT5C2LM7SYL92zeW3jMY
#        jnivwl <= jnivwl::hi                   {"user":"test"}
>> Hello, test
#        jnivwl <= jnivwl::hi                   {"user":"test"}
>> Hello, test
#        jnivwl <= jnivwl::hi                   {"user":"test"}
>> Hello, test
#        jnivwl <= jnivwl::hi                   {"user":"test"}
>> Hello, test
#        jnivwl <= jnivwl::hi                   {"user":"test"}
>> Hello, test
#        jnivwl <= jnivwl::hi                   {"user":"test"}
>> Hello, test
#        jnivwl <= jnivwl::hi                   {"user":"test"}
>> Hello, test
#        jnivwl <= jnivwl::hi                   {"user":"test"}
>> Hello, test
#        jnivwl <= jnivwl::hi                   {"user":"test"}
>> Hello, test
#        jnivwl <= jnivwl::hi                   {"user":"test"}
>> Hello, test
#        jnivwl <= jnivwl::hi                   {"user":"test"}
>> Hello, test
#        jnivwl <= jnivwl::hi                   {"user":"test"}
>> Hello, test
imported private key for: EOS7ydXx4turEKMdYjEy5Dvje7MfmcLjirDW6aPjcbSeu6YNZzbJb
#        jnivwl <= jnivwl::hi                   {"user":"test"}
>> Hello, test
#        jnivwl <= jnivwl::hi                   {"user":"test"}
>> Hello, test
#        jnivwl <= jnivwl::hi                   {"user":"test"}
>> Hello, test
#        jnivwl <= jnivwl::hi                   {"user":"test"}
>> Hello, test
#        jnivwl <= jnivwl::hi                   {"user":"test"}
>> Hello, test
#        jnivwl <= jnivwl::hi                   {"user":"test"}
>> Hello, test
#        jnivwl <= jnivwl::hi                   {"user":"test"}
>> Hello, test
#        jnivwl <= jnivwl::hi                   {"user":"test"}
>> Hello, test
#        jnivwl <= jnivwl::hi                   {"user":"test"}
>> Hello, test
#        jnivwl <= jnivwl::hi                   {"user":"test"}
>> Hello, test
#        jnivwl <= jnivwl::hi                   {"user":"test"}
>> Hello, test
#        jnivwl <= jnivwl::hi                   {"user":"test"}
>> Hello, test
imported private key for: EOS7nJ3GpmkGeHFk6rLz8r1GfQDVovSbbn5TmpdAykxGvzwTVRB3v
#        jnivwl <= jnivwl::hi                   {"user":"test"}
>> Hello, test
#        jnivwl <= jnivwl::hi                   {"user":"test"}
>> Hello, test
#        jnivwl <= jnivwl::hi                   {"user":"test"}
>> Hello, test
#        jnivwl <= jnivwl::hi                   {"user":"test"}
>> Hello, test
#        jnivwl <= jnivwl::hi                   {"user":"test"}
>> Hello, test
#        jnivwl <= jnivwl::hi                   {"user":"test"}
>> Hello, test
#        jnivwl <= jnivwl::hi                   {"user":"test"}
>> Hello, test
#        jnivwl <= jnivwl::hi                   {"user":"test"}
>> Hello, test
imported private key for: EOS7BJW7tqrp4CFkiPyoZ1u6GhC1Ba2jMcdDsMBGqtZkZggNrmVPu
#        jnivwl <= jnivwl::hi                   {"user":"test"}
>> Hello, test
#        jnivwl <= jnivwl::hi                   {"user":"test"}
>> Hello, test
#        jnivwl <= jnivwl::hi                   {"user":"test"}
>> Hello, test
#        jnivwl <= jnivwl::hi                   {"user":"test"}
>> Hello, test
#        jnivwl <= jnivwl::hi                   {"user":"test"}
>> Hello, test
#        jnivwl <= jnivwl::hi                   {"user":"test"}
>> Hello, test
#        jnivwl <= jnivwl::hi                   {"user":"test"}
>> Hello, test
#        jnivwl <= jnivwl::hi                   {"user":"test"}
>> Hello, test
imported private key for: EOS7d41krQ1L7Za9rGuyEbEavHZXn9dfgLrGcgjfxNiiunSw8WdNS
#        jnivwl <= jnivwl::hi                   {"user":"test"}
>> Hello, test
#        jnivwl <= jnivwl::hi                   {"user":"test"}
>> Hello, test
#        jnivwl <= jnivwl::hi                   {"user":"test"}
>> Hello, test
#        jnivwl <= jnivwl::hi                   {"user":"test"}
>> Hello, test
#        jnivwl <= jnivwl::hi                   {"user":"test"}
>> Hello, test
#        jnivwl <= jnivwl::hi                   {"user":"test"}
>> Hello, test
#        jnivwl <= jnivwl::hi                   {"user":"test"}
>> Hello, test
imported private key for: EOS5zJBMd36UtFuJ8DJt1LkaHdzuMrV2ygMLpqY93euhHxfdNV24u
#        jnivwl <= jnivwl::hi                   {"user":"test"}
>> Hello, test
#        jnivwl <= jnivwl::hi                   {"user":"test"}
>> Hello, test
#        jnivwl <= jnivwl::hi                   {"user":"test"}
>> Hello, test
#        jnivwl <= jnivwl::hi                   {"user":"test"}
>> Hello, test
imported private key for: EOS8CdeAZcjUEjRjRARy8Ax3wimJNytCaNKVwKxxvPpg3gKsN1psS
#        jnivwl <= jnivwl::hi                   {"user":"test"}
>> Hello, test
#        jnivwl <= jnivwl::hi                   {"user":"test"}
>> Hello, test
#        jnivwl <= jnivwl::hi                   {"user":"test"}
>> Hello, test
#        jnivwl <= jnivwl::hi                   {"user":"test"}
>> Hello, test
#        jnivwl <= jnivwl::hi                   {"user":"test"}
>> Hello, test
#        jnivwl <= jnivwl::hi                   {"user":"test"}
>> Hello, test
#        jnivwl <= jnivwl::hi                   {"user":"test"}
>> Hello, test
#        jnivwl <= jnivwl::hi                   {"user":"test"}
>> Hello, test
#        jnivwl <= jnivwl::hi                   {"user":"test"}
>> Hello, test
#        jnivwl <= jnivwl::hi                   {"user":"test"}
>> Hello, test
#        jnivwl <= jnivwl::hi                   {"user":"test"}
>> Hello, test
imported private key for: EOS8WG3YGLfW73rtWgAP8AUFbyc6kCe3KYRYsBPppyRcUvw2AhEMx
#        jnivwl <= jnivwl::hi                   {"user":"test"}
>> Hello, test
#        jnivwl <= jnivwl::hi                   {"user":"test"}
>> Hello, test
#        jnivwl <= jnivwl::hi                   {"user":"test"}
>> Hello, test
#        jnivwl <= jnivwl::hi                   {"user":"test"}
>> Hello, test
#        jnivwl <= jnivwl::hi                   {"user":"test"}
>> Hello, test
#        jnivwl <= jnivwl::hi                   {"user":"test"}
>> Hello, test
#        jnivwl <= jnivwl::hi                   {"user":"test"}
>> Hello, test
#        jnivwl <= jnivwl::hi                   {"user":"test"}
>> Hello, test
#        jnivwl <= jnivwl::hi                   {"user":"test"}
>> Hello, test
#        jnivwl <= jnivwl::hi                   {"user":"test"}
>> Hello, test
#        jnivwl <= jnivwl::hi                   {"user":"test"}
>> Hello, test
#        jnivwl <= jnivwl::hi                   {"user":"test"}
>> Hello, test
#        jnivwl <= jnivwl::hi                   {"user":"test"}
>> Hello, test
imported private key for: EOS7QaSbZ99Gi9V8Qve6LYzxSj6G7ZJARNz8rZ3WJf6ryS7nhXLVp
#        jnivwl <= jnivwl::hi                   {"user":"test"}
>> Hello, test
#        jnivwl <= jnivwl::hi                   {"user":"test"}
>> Hello, test
#        jnivwl <= jnivwl::hi                   {"user":"test"}
>> Hello, test
#        jnivwl <= jnivwl::hi                   {"user":"test"}
>> Hello, test
#        jnivwl <= jnivwl::hi                   {"user":"test"}
>> Hello, test
#        jnivwl <= jnivwl::hi                   {"user":"test"}
>> Hello, test
#        jnivwl <= jnivwl::hi                   {"user":"test"}
>> Hello, test
imported private key for: EOS7ETvFVGWunaTfpZDcrs1S3t413XyR7XzhwRff4RJeVrhK5iWrq
ash
/FUZZ/ /tmp/crash
/FUZZ/ /tmp/crash
/FUZZ/ /tmp/crash
/FUZZ/ /tmp/crash
/FUZZ/ /tmp/crash
/FUZZ/ /tmp/crash
/FUZZ/ /tmp/crash
/FUZZ/ /tmp/crash
/FUZZ/ /tmp/crash
/FUZZ/ /tmp/crash
/FUZZ/ /tmp/crash
/FUZZ/ /tmp/crash
/FUZZ/ /tmp/crash
/FUZZ/ /tmp/crash
[!] Nodeos pid : 62310 
/FUZZ/ /tmp/crash
/FUZZ/ /tmp/crash
/FUZZ/ /tmp/crash
/FUZZ/ /tmp/crash
/FUZZ/ /tmp/crash
/FUZZ/ /tmp/crash
/FUZZ/ /tmp/crash
/FUZZ/ /tmp/crash
/FUZZ/ /tmp/crash
/FUZZ/ /tmp/crash
/FUZZ/ /tmp/crash
/FUZZ/ /tmp/crash
/FUZZ/ /tmp/crash
/FUZZ/ /tmp/crash
/FUZZ/ /tmp/crash
/FUZZ/ /tmp/crash
/FUZZ/ /tmp/crash
/FUZZ/ /tmp/crash
/FUZZ/ /tmp/crash
/FUZZ/ /tmp/crash
[!] Nodeos pid : 62416 
/FUZZ/ /tmp/crash
/FUZZ/ /tmp/crash
/FUZZ/ /tmp/crash
/FUZZ/ /tmp/crash
/FUZZ/ /tmp/crash
/FUZZ/ /tmp/crash
/FUZZ/ /tmp/crash
/FUZZ/ /tmp/crash
/FUZZ/ /tmp/crash
/FUZZ/ /tmp/crash
/FUZZ/ /tmp/crash
/FUZZ/ /tmp/crash
/FUZZ/ /tmp/crash
/FUZZ/ /tmp/crash
/FUZZ/ /tmp/crash
/FUZZ/ /tmp/crash
/FUZZ/ /tmp/crash
/FUZZ/ /tmp/crash
/FUZZ/ /tmp/crash
/FUZZ/ /tmp/crash
[!] Nodeos pid : 62522 
/FUZZ/ /tmp/crash
/FUZZ/ /tmp/crash
/FUZZ/ /tmp/crash
/FUZZ/ /tmp/crash
/FUZZ/ /tmp/crash
/FUZZ/ /tmp/crash
/FUZZ/ /tmp/crash
/FUZZ/ /tmp/crash
/FUZZ/ /tmp/crash
/FUZZ/ /tmp/crash
/FUZZ/ /tmp/crash
/FUZZ/ /tmp/crash
/FUZZ/ /tmp/crash
/FUZZ/ /tmp/crash
/FUZZ/ /tmp/crash
/FUZZ/ /tmp/crash
/FUZZ/ /tmp/crash
/FUZZ/ /tmp/crash
/FUZZ/ /tmp/crash
/FUZZ/ /tmp/crash
[!] Nodeos pid : 62628 
/FUZZ/ /tmp/crash
/FUZZ/ /tmp/crash
/FUZZ/ /tmp/crash
/FUZZ/ /tmp/crash
/FUZZ/ /tmp/crash
/FUZZ/ /tmp/crash
/FUZZ/ /tmp/crash
/FUZZ/ /tmp/crash
/FUZZ/ /tmp/crash
/FUZZ/ /tmp/crash
/FUZZ/ /tmp/crash
/FUZZ/ /tmp/crash
/FUZZ/ /tmp/crash
/FUZZ/ /tmp/crash
/FUZZ/ /tmp/crash
/FUZZ/ /tmp/crash
/FUZZ/ /tmp/crash
/FUZZ/ /tmp/crash
/FUZZ/ /tmp/crash
/FUZZ/ /tmp/crash
[!] Nodeos pid : 62734 
/FUZZ/ /tmp/crash
/FUZZ/ /tmp/crash
/FUZZ/ /tmp/crash
/FUZZ/ /tmp/crash
/FUZZ/ /tmp/crash
/FUZZ/ /tmp/crash
/FUZZ/ /tmp/crash
/FUZZ/ /tmp/crash
/FUZZ/ /tmp/crash
/FUZZ/ /tmp/crash
/FUZZ/ /tmp/crash
/FUZZ/ /tmp/crash
/FUZZ/ /tmp/crash
/FUZZ/ /tmp/crash
/FUZZ/ /tmp/crash
/FUZZ/ /tmp/crash
/FUZZ/ /tmp/crash
/FUZZ/ /tmp/crash
/FUZZ/ /tmp/crash
/FUZZ/ /tmp/crash
[!] Nodeos pid : 62840 
/FUZZ/ /tmp/crash
/FUZZ/ /tmp/crash
/FUZZ/ /tmp/crash
/FUZZ/ /tmp/crash
/FUZZ/ /tmp/crash
/FUZZ/ /tmp/crash
/FUZZ/ /tmp/crash
/FUZZ/ /tmp/crash
/FUZZ/ /tmp/crash
/FUZZ/ /tmp/crash
/FUZZ/ /tmp/crash
/FUZZ/ /tmp/crash
/FUZZ/ /tmp/crash
/FUZZ/ /tmp/crash
/FUZZ/ /tmp/crash
/FUZZ/ /tmp/crash
/FUZZ/ /tmp/crash
/FUZZ/ /tmp/crash
/FUZZ/ /tmp/crash
/FUZZ/ /tmp/crash
[!] Nodeos pid : 62946 
/FUZZ/ /tmp/crash
/FUZZ/ /tmp/crash
/FUZZ/ /tmp/crash
/FUZZ/ /tmp/crash
/FUZZ/ /tmp/crash
/FUZZ/ /tmp/crash
/FUZZ/ /tmp/crash
/FUZZ/ /tmp/crash
/FUZZ/ /tmp/crash
/FUZZ/ /tmp/crash
/FUZZ/ /tmp/crash
/FUZZ/ /tmp/crash
/FUZZ/ /tmp/crash
/FUZZ/ /tmp/crash
/FUZZ/ /tmp/crash
/FUZZ/ /tmp/crash
/FUZZ/ /tmp/crash
/FUZZ/ /tmp/crash
/FUZZ/ /tmp/crash
/FUZZ/ /tmp/crash
[!] Nodeos pid : 63052 
/FUZZ/ /tmp/crash
/FUZZ/ /tmp/crash
/FUZZ/ /tmp/crash
/FUZZ/ /tmp/crash
/FUZZ/ /tmp/crash
/FUZZ/ /tmp/crash
/FUZZ/ /tmp/crash
/FUZZ/ /tmp/crash
/FUZZ/ /tmp/crash
/FUZZ/ /tmp/crash
/FUZZ/ /tmp/crash
/FUZZ/ /tmp/crash
/FUZZ/ /tmp/crash
/FUZZ/ /tmp/crash
/FUZZ/ /tmp/crash
/FUZZ/ /tmp/crash
/FUZZ/ /tmp/crash
/FUZZ/ /tmp/crash
/FUZZ/ /tmp/crash
/FUZZ/ /tmp/crash
[!] Nodeos pid : 63158 
/FUZZ/ /tmp/crash
/FUZZ/ /tmp/crash
/FUZZ/ /tmp/crash
/FUZZ/ /tmp/crash
/FUZZ/ /tmp/crash
/FUZZ/ /tmp/crash
/FUZZ/ /tmp/crash
/FUZZ/ /tmp/crash
/FUZZ/ /tmp/crash
/FUZZ/ /tmp/crash
/FUZZ/ /tmp/crash
/FUZZ/ /tmp/crash
/FUZZ/ /tmp/crash
/FUZZ/ /tmp/crash
/FUZZ/ /tmp/crash
/FUZZ/ /tmp/crash
/FUZZ/ /tmp/crash
/FUZZ/ /tmp/crash
/FUZZ/ /tmp/crash
/FUZZ/ /tmp/crash
[!] Nodeos pid : 63264 
/FUZZ/ /tmp/crash
/FUZZ/ /tmp/crash
/FUZZ/ /tmp/crash
/FUZZ/ /tmp/crash
/FUZZ/ /tmp/crash
/FUZZ/ /tmp/crash
/FUZZ/ /tmp/crash
/FUZZ/ /tmp/crash
/FUZZ/ /tmp/crash
/FUZZ/ /tmp/crash
/FUZZ/ /tmp/crash
/FUZZ/ /tmp/crash
/FUZZ/ /tmp/crash
/FUZZ/ /tmp/crash
/FUZZ/ /tmp/crash
/FUZZ/ /tmp/crash
/FUZZ/ /tmp/crash
/FUZZ/ /tmp/crash
/FUZZ/ /tmp/crash
/FUZZ/ /tmp/crash
imported private key for: EOS854wLaDDsPH5yUH2przFMrWUFK2gZdjRKDzSxugM5o62v4QukK
#        jnivwl <= jnivwl::hi                   {"user":"test"}
>> Hello, test
#        jnivwl <= jnivwl::hi                   {"user":"test"}
>> Hello, test
#        jnivwl <= jnivwl::hi                   {"user":"test"}
>> Hello, test
#        jnivwl <= jnivwl::hi                   {"user":"test"}
>> Hello, test
#        jnivwl <= jnivwl::hi                   {"user":"test"}
>> Hello, test
#        jnivwl <= jnivwl::hi                   {"user":"test"}
>> Hello, test
#        jnivwl <= jnivwl::hi                   {"user":"test"}
>> Hello, test
#        jnivwl <= jnivwl::hi                   {"user":"test"}
>> Hello, test
#        jnivwl <= jnivwl::hi                   {"user":"test"}
>> Hello, test
#        jnivwl <= jnivwl::hi                   {"user":"test"}
>> Hello, test
imported private key for: EOS5UTskSiU5XWf1dX4faFEbdmpKFSQRNpkCQUupnc7HXaRqVujYk
#        jnivwl <= jnivwl::hi                   {"user":"test"}
>> Hello, test
#        jnivwl <= jnivwl::hi                   {"user":"test"}
>> Hello, test
#        jnivwl <= jnivwl::hi                   {"user":"test"}
>> Hello, test
#        jnivwl <= jnivwl::hi                   {"user":"test"}
>> Hello, test
#        jnivwl <= jnivwl::hi                   {"user":"test"}
>> Hello, test
#        jnivwl <= jnivwl::hi                   {"user":"test"}
>> Hello, test
#        jnivwl <= jnivwl::hi                   {"user":"test"}
>> Hello, test
#        jnivwl <= jnivwl::hi                   {"user":"test"}
>> Hello, test
#        jnivwl <= jnivwl::hi                   {"user":"test"}
>> Hello, test
#        jnivwl <= jnivwl::hi                   {"user":"test"}
>> Hello, test
imported private key for: EOS5otacq1xBRktG9Z47otbzqxtAxsVnXJ82rDWKZED2qscT5iyJy
#        jnivwl <= jnivwl::hi                   {"user":"test"}
>> Hello, test
#        jnivwl <= jnivwl::hi                   {"user":"test"}
>> Hello, test
imported private key for: EOS5F8BAbCYC2DgFDzpvvAxxX81foWzBPLBRy4N2ZAjrHjRkSqpWE
imported private key for: EOS7zW5KRWxUmLZG6cxecCkQbx1Ao1vfmshJa7dbu2fWbNtPUXq3Y
#        jnivwl <= jnivwl::hi                   {"user":"test"}
>> Hello, test
#        jnivwl <= jnivwl::hi                   {"user":"test"}
>> Hello, test
#        jnivwl <= jnivwl::hi                   {"user":"test"}
>> Hello, test
#        jnivwl <= jnivwl::hi                   {"user":"test"}
>> Hello, test
#        jnivwl <= jnivwl::hi                   {"user":"test"}
>> Hello, test
#        jnivwl <= jnivwl::hi                   {"user":"test"}
>> Hello, test
#        jnivwl <= jnivwl::hi                   {"user":"test"}
>> Hello, test
#        jnivwl <= jnivwl::hi                   {"user":"test"}
>> Hello, test
#        jnivwl <= jnivwl::hi                   {"user":"test"}
>> Hello, test
#        jnivwl <= jnivwl::hi                   {"user":"test"}
>> Hello, test
imported private key for: EOS6Qno9ddZSrmCnTkBSTccx5RMNgpf3hRdz7Adv3HDwVDvCuQ92e
#        jnivwl <= jnivwl::hi                   {"user":"test"}
>> Hello, test
#        jnivwl <= jnivwl::hi                   {"user":"test"}
>> Hello, test
#        jnivwl <= jnivwl::hi                   {"user":"test"}
>> Hello, test
#        jnivwl <= jnivwl::hi                   {"user":"test"}
>> Hello, test
#        jnivwl <= jnivwl::hi                   {"user":"test"}
>> Hello, test
#        jnivwl <= jnivwl::hi                   {"user":"test"}
>> Hello, test
#        jnivwl <= jnivwl::hi                   {"user":"test"}
>> Hello, test
#        jnivwl <= jnivwl::hi                   {"user":"test"}
>> Hello, test
#        jnivwl <= jnivwl::hi                   {"user":"test"}
>> Hello, test
#        jnivwl <= jnivwl::hi                   {"user":"test"}
>> Hello, test
#        jnivwl <= jnivwl::hi                   {"user":"test"}
>> Hello, test
#        jnivwl <= jnivwl::hi                   {"user":"test"}
>> Hello, test
imported private key for: EOS8KVuNBkMTvYhErcHKJvoNkzx9vZqm9JmJfQhzr1mzCcpgRL9ab
#        jnivwl <= jnivwl::hi                   {"user":"test"}
>> Hello, test
#        jnivwl <= jnivwl::hi                   {"user":"test"}
>> Hello, test
#        jnivwl <= jnivwl::hi                   {"user":"test"}
>> Hello, test
#        jnivwl <= jnivwl::hi                   {"user":"test"}
>> Hello, test
#        jnivwl <= jnivwl::hi                   {"user":"test"}
>> Hello, test
#        jnivwl <= jnivwl::hi                   {"user":"test"}
>> Hello, test
#        jnivwl <= jnivwl::hi                   {"user":"test"}
>> Hello, test
#        jnivwl <= jnivwl::hi                   {"user":"test"}
>> Hello, test
#        jnivwl <= jnivwl::hi                   {"user":"test"}
>> Hello, test
#        jnivwl <= jnivwl::hi                   {"user":"test"}
>> Hello, test
imported private key for: EOS8k5fMTaEv5XfroNVvJbNRLQJMpEQk9gpx3FQmWHddhP7siiQRE
#        jnivwl <= jnivwl::hi                   {"user":"test"}
>> Hello, test
#        jnivwl <= jnivwl::hi                   {"user":"test"}
>> Hello, test
#        jnivwl <= jnivwl::hi                   {"user":"test"}
>> Hello, test
#        jnivwl <= jnivwl::hi                   {"user":"test"}
>> Hello, test
#        jnivwl <= jnivwl::hi                   {"user":"test"}
>> Hello, test
#        jnivwl <= jnivwl::hi                   {"user":"test"}
>> Hello, test
#        jnivwl <= jnivwl::hi                   {"user":"test"}
>> Hello, test
#        jnivwl <= jnivwl::hi                   {"user":"test"}
>> Hello, test
#        jnivwl <= jnivwl::hi                   {"user":"test"}
>> Hello, test
#        jnivwl <= jnivwl::hi                   {"user":"test"}
>> Hello, test
#        jnivwl <= jnivwl::hi                   {"user":"test"}
>> Hello, test
#        jnivwl <= jnivwl::hi                   {"user":"test"}
>> Hello, test
